{
  "Cucumber Features": {
    "coverage": {
      "/home/codio/workspace/BU_Event Registraion/app/models/authorization.rb": {
        "lines": [
          1,
          1,
          1,
          null,
          1,
          1,
          null,
          null,
          1,
          null,
          6,
          null,
          null,
          1,
          10,
          null,
          null
        ]
      },
      "/home/codio/workspace/BU_Event Registraion/app/models/user.rb": {
        "lines": [
          1,
          1,
          1,
          1,
          1,
          null,
          null,
          1,
          1,
          6,
          null,
          null,
          1,
          2,
          null,
          null,
          null,
          1,
          1,
          null,
          null,
          1,
          4,
          null,
          null,
          null,
          null
        ]
      },
      "/home/codio/workspace/BU_Event Registraion/app/controllers/welcome_controller.rb": {
        "lines": [
          1,
          1,
          1,
          10,
          null,
          null
        ]
      },
      "/home/codio/workspace/BU_Event Registraion/app/controllers/application_controller.rb": {
        "lines": [
          1,
          null,
          null,
          1,
          1,
          1,
          null,
          null,
          1,
          null,
          1,
          10,
          null,
          null,
          null,
          1,
          null,
          11,
          null,
          null,
          null,
          1,
          6,
          null,
          null,
          null,
          null,
          null,
          null
        ]
      },
      "/home/codio/workspace/BU_Event Registraion/app/helpers/application_helper.rb": {
        "lines": [
          1,
          null
        ]
      },
      "/home/codio/workspace/BU_Event Registraion/app/helpers/profiles_helper.rb": {
        "lines": [
          1,
          null
        ]
      },
      "/home/codio/workspace/BU_Event Registraion/app/helpers/schedules_controller_helper.rb": {
        "lines": [
          1,
          null
        ]
      },
      "/home/codio/workspace/BU_Event Registraion/app/helpers/sessions_helper.rb": {
        "lines": [
          1,
          null
        ]
      },
      "/home/codio/workspace/BU_Event Registraion/app/controllers/sessions_controller.rb": {
        "lines": [
          1,
          1,
          null,
          1,
          null,
          null,
          null,
          null,
          1,
          6,
          null,
          6,
          4,
          4,
          4,
          4,
          4,
          4,
          4,
          null,
          2,
          1,
          1,
          1,
          1,
          1,
          1,
          1,
          null,
          1,
          1,
          1,
          null,
          null,
          null,
          null,
          1,
          null,
          null,
          null,
          0,
          null,
          0,
          0,
          null,
          null,
          null,
          null,
          0,
          null,
          null,
          1,
          null,
          null,
          null,
          null,
          null,
          null,
          null,
          1,
          1,
          1,
          1,
          1,
          1,
          null,
          null,
          1,
          null,
          null,
          null,
          null,
          null,
          null,
          null,
          null,
          null,
          null,
          null,
          null,
          null,
          null,
          1,
          null,
          17,
          null,
          null,
          null
        ]
      },
      "/home/codio/workspace/BU_Event Registraion/app/controllers/eventnames_controller.rb": {
        "lines": [
          1,
          1,
          8,
          null,
          null,
          null,
          1,
          null,
          0,
          null,
          null,
          1,
          0,
          null,
          null,
          1,
          0,
          null,
          1,
          0,
          0,
          0,
          null,
          null,
          null,
          1,
          0,
          0,
          0,
          0,
          null,
          null,
          1,
          0,
          0,
          0,
          0,
          null,
          1,
          null,
          1,
          0,
          null,
          null,
          1,
          0,
          null,
          null
        ]
      },
      "/home/codio/workspace/BU_Event Registraion/app/models/eventname.rb": {
        "lines": [
          1,
          null
        ]
      },
      "/home/codio/workspace/BU_Event Registraion/app/models/profile.rb": {
        "lines": [
          1,
          1,
          null
        ]
      },
      "/home/codio/workspace/BU_Event Registraion/app/controllers/profiles_controller.rb": {
        "lines": [
          1,
          1,
          null,
          null,
          null,
          null,
          null,
          null,
          null,
          null,
          null,
          null,
          null,
          null,
          null,
          null,
          null,
          null,
          null,
          null,
          null,
          null,
          1,
          0,
          null,
          0,
          0,
          null,
          0,
          null,
          null,
          null,
          null,
          1,
          0,
          0,
          null,
          0,
          null,
          null,
          null,
          null,
          1,
          null,
          null,
          null,
          null,
          1,
          null,
          1,
          1,
          null,
          null,
          null,
          1,
          0,
          null,
          null
        ]
      },
      "/home/codio/workspace/BU_Event Registraion/app/models/movie.rb": {
        "lines": [
          null,
          null
        ],
        "branches": {
        }
      },
      "/home/codio/workspace/BU_Event Registraion/app/models/pairing.rb": {
        "lines": [
          null,
          null
        ],
        "branches": {
        }
      },
      "/home/codio/workspace/BU_Event Registraion/app/controllers/pairings_controller.rb": {
        "lines": [
          null,
          null,
          null,
          null,
          null,
          null,
          null,
          null,
          null,
          null,
          null,
          null,
          null,
          null,
          null,
          null,
          null,
          null,
          null,
          null,
          null,
          null,
          null
        ],
        "branches": {
        }
      }
    },
    "timestamp": 1623010091
  },
  "RSpec": {
    "coverage": {
      "/home/codio/workspace/BU_Event Registraion/app/helpers/application_helper.rb": {
        "lines": [
          1,
          null
        ]
      },
      "/home/codio/workspace/BU_Event Registraion/app/helpers/profiles_helper.rb": {
        "lines": [
          1,
          null
        ]
      },
      "/home/codio/workspace/BU_Event Registraion/app/helpers/schedules_controller_helper.rb": {
        "lines": [
          1,
          null
        ]
      },
      "/home/codio/workspace/BU_Event Registraion/app/helpers/sessions_helper.rb": {
        "lines": [
          1,
          null
        ]
      },
      "/home/codio/workspace/BU_Event Registraion/app/controllers/eventnames_controller.rb": {
        "lines": [
          1,
          1,
          1,
          null,
          null,
          null,
          1,
          null,
          3,
          null,
          null,
          1,
          1,
          null,
          null,
          1,
          3,
          null,
          1,
          3,
          3,
          3,
          null,
          null,
          null,
          1,
          4,
          4,
          4,
          4,
          null,
          null,
          1,
          4,
          4,
          4,
          4,
          null,
          1,
          null,
          1,
          0,
          null,
          null,
          1,
          7,
          null,
          null
        ]
      },
      "/home/codio/workspace/BU_Event Registraion/app/controllers/application_controller.rb": {
        "lines": [
          1,
          null,
          null,
          1,
          1,
          1,
          null,
          null,
          1,
          null,
          1,
          19,
          null,
          null,
          null,
          1,
          null,
          19,
          null,
          null,
          null,
          1,
          13,
          null,
          null,
          null,
          null,
          null,
          null
        ]
      },
      "/home/codio/workspace/BU_Event Registraion/app/controllers/sessions_controller.rb": {
        "lines": [
          1,
          1,
          null,
          1,
          null,
          null,
          null,
          null,
          1,
          15,
          null,
          15,
          7,
          7,
          7,
          7,
          7,
          7,
          7,
          null,
          8,
          8,
          8,
          8,
          8,
          8,
          8,
          8,
          null,
          0,
          0,
          0,
          null,
          null,
          null,
          null,
          1,
          null,
          null,
          null,
          0,
          null,
          0,
          0,
          null,
          null,
          null,
          null,
          0,
          null,
          null,
          1,
          null,
          null,
          null,
          null,
          null,
          null,
          null,
          1,
          0,
          0,
          0,
          0,
          0,
          null,
          null,
          1,
          null,
          null,
          null,
          null,
          null,
          null,
          null,
          null,
          null,
          null,
          null,
          null,
          null,
          null,
          1,
          null,
          45,
          null,
          null,
          null
        ]
      },
      "/home/codio/workspace/BU_Event Registraion/app/models/authorization.rb": {
        "lines": [
          1,
          1,
          1,
          null,
          1,
          8,
          null,
          null,
          1,
          null,
          15,
          null,
          null,
          1,
          24,
          null,
          null
        ]
      },
      "/home/codio/workspace/BU_Event Registraion/app/models/user.rb": {
        "lines": [
          1,
          1,
          1,
          1,
          1,
          null,
          null,
          1,
          1,
          48,
          null,
          null,
          1,
          12,
          null,
          null,
          null,
          1,
          8,
          null,
          null,
          1,
          9,
          null,
          null,
          null,
          null
        ]
      },
      "/home/codio/workspace/BU_Event Registraion/app/models/profile.rb": {
        "lines": [
          1,
          1,
          null
        ]
      },
      "/home/codio/workspace/BU_Event Registraion/app/models/eventname.rb": {
        "lines": [
          1,
          null
        ]
      },
      "/home/codio/workspace/BU_Event Registraion/app/models/movie.rb": {
        "lines": [
          null,
          null
        ],
        "branches": {
        }
      },
      "/home/codio/workspace/BU_Event Registraion/app/models/pairing.rb": {
        "lines": [
          null,
          null
        ],
        "branches": {
        }
      },
      "/home/codio/workspace/BU_Event Registraion/app/controllers/profiles_controller.rb": {
        "lines": [
          0,
          0,
          null,
          null,
          null,
          null,
          null,
          null,
          null,
          null,
          null,
          null,
          null,
          null,
          null,
          null,
          null,
          null,
          null,
          null,
          null,
          null,
          0,
          0,
          null,
          0,
          0,
          0,
          0,
          0,
          0,
          null,
          null,
          0,
          0,
          0,
          0,
          0,
          0,
          0,
          null,
          null,
          0,
          null,
          null,
          0,
          null,
          0,
          null,
          0,
          0,
          0,
          null,
          null,
          0,
          0,
          0,
          0
        ],
        "branches": {
        }
      },
      "/home/codio/workspace/BU_Event Registraion/app/controllers/pairings_controller.rb": {
        "lines": [
          null,
          null,
          null,
          null,
          null,
          null,
          null,
          null,
          null,
          null,
          null,
          null,
          null,
          null,
          null,
          null,
          null,
          null,
          null,
          null,
          null,
          null,
          null
        ],
        "branches": {
        }
      },
      "/home/codio/workspace/BU_Event Registraion/app/controllers/welcome_controller.rb": {
        "lines": [
          0,
          0,
          0,
          0,
          0,
          0
        ],
        "branches": {
        }
      }
    },
    "timestamp": 1623010192
  }
}
